<?xml version="1.0" encoding="UTF-8"?>
<!-- Generated by org.testng.reporters.JUnitXMLReporter -->
<testsuite ignored="0" hostname="TTNPL-MdArsh" failures="0" tests="10" name="Default test" time="7.815" errors="0" timestamp="2023-03-27T17:06:30 IST">
  <testcase classname="AmazonTest.AmazonTest.QKart" name="ispageloaded" time="0.104"/>
  <testcase classname="AmazonTest.AmazonTest.QKart" name="isloginbuttonavailable" time="0.056"/>
  <testcase classname="AmazonTest.AmazonTest.QKart" name="isregisterbuttonavailable" time="0.052"/>
  <testcase classname="AmazonTest.AmazonTest.QKart" name="issearchbaravailable" time="0.067"/>
  <testcase classname="AmazonTest.AmazonTest.QKart" name="issearchbarenalbled" time="0.028"/>
  <testcase classname="AmazonTest.AmazonTest.QKart" name="isbannervisible" time="0.046"/>
  <testcase classname="AmazonTest.AmazonTest.QKart" name="isproductavailable" time="0.053"/>
  <testcase classname="AmazonTest.AmazonTest.QKart" name="titlecheck" time="0.017"/>
  <testcase classname="AmazonTest.AmazonTest.QKart" name="areproductloading" time="3.237"/>
  <testcase classname="AmazonTest.AmazonTest.QKart" name="isaddtocartbuttonavailable" time="0.039"/>
</testsuite> <!-- Default test -->
